0 info it worked if it ends with ok
1 verbose cli [ '/usr/local/Cellar/node/0.10.18/bin/node',
1 verbose cli   '/usr/local/bin/npm',
1 verbose cli   'install',
1 verbose cli   'fs' ]
2 info using npm@1.3.8
3 info using node@v0.10.18
4 warn package.json busr@0.0.1-20 No repository field.
5 warn package.json hiredis@0.1.15 No repository field.
6 verbose readDependencies using package.json deps
7 verbose cache add [ 'fs', null ]
8 verbose cache add name=undefined spec="fs" args=["fs",null]
9 verbose parsed url { protocol: null,
9 verbose parsed url   slashes: null,
9 verbose parsed url   auth: null,
9 verbose parsed url   host: null,
9 verbose parsed url   port: null,
9 verbose parsed url   hostname: null,
9 verbose parsed url   hash: null,
9 verbose parsed url   search: null,
9 verbose parsed url   query: null,
9 verbose parsed url   pathname: 'fs',
9 verbose parsed url   path: 'fs',
9 verbose parsed url   href: 'fs' }
10 silly lockFile 3f4bb586-fs fs
11 verbose lock fs /Users/michaelmccarron/.npm/3f4bb586-fs.lock
12 silly lockFile 3f4bb586-fs fs
13 silly lockFile 3f4bb586-fs fs
14 verbose addNamed [ 'fs', '' ]
15 verbose addNamed [ null, '*' ]
16 silly lockFile a107b96b-fs fs@
17 verbose lock fs@ /Users/michaelmccarron/.npm/a107b96b-fs.lock
18 silly addNameRange { name: 'fs', range: '*', hasData: false }
19 verbose url raw fs
20 verbose url resolving [ 'https://registry.npmjs.org/', './fs' ]
21 verbose url resolved https://registry.npmjs.org/fs
22 info trying registry request attempt 1 at 17:01:28
23 http GET https://registry.npmjs.org/fs
24 http 404 https://registry.npmjs.org/fs
25 silly registry.get cb [ 404,
25 silly registry.get   { date: 'Tue, 17 Jun 2014 00:01:25 GMT',
25 silly registry.get     server: 'CouchDB/1.5.0 (Erlang OTP/R14B04)',
25 silly registry.get     etag: '"1OSDV99VBWRHBCJ8QK1200EE7"',
25 silly registry.get     'content-type': 'application/json',
25 silly registry.get     'cache-control': 'max-age=0',
25 silly registry.get     'content-length': '397',
25 silly registry.get     'accept-ranges': 'bytes',
25 silly registry.get     via: '1.1 varnish',
25 silly registry.get     age: '0',
25 silly registry.get     'x-served-by': 'cache-lax1435-LAX',
25 silly registry.get     'x-cache': 'MISS',
25 silly registry.get     'x-cache-hits': '0',
25 silly registry.get     'x-timer': 'S1402963285.680913,VS0,VE38',
25 silly registry.get     vary: 'Accept',
25 silly registry.get     'keep-alive': 'timeout=10, max=50',
25 silly registry.get     connection: 'Keep-Alive' } ]
26 silly addNameRange number 2 { name: 'fs', range: '*', hasData: true }
27 silly addNameRange versions [ 'fs', [] ]
28 error TypeError: Cannot read property 'latest' of undefined
28 error     at next (/usr/local/Cellar/node/0.10.18/lib/node_modules/npm/lib/cache.js:687:35)
28 error     at /usr/local/Cellar/node/0.10.18/lib/node_modules/npm/lib/cache.js:675:5
28 error     at saved (/usr/local/Cellar/node/0.10.18/lib/node_modules/npm/node_modules/npm-registry-client/lib/get.js:142:7)
28 error     at /usr/local/Cellar/node/0.10.18/lib/node_modules/npm/node_modules/graceful-fs/polyfills.js:133:7
28 error     at Object.oncomplete (fs.js:107:15)
29 error If you need help, you may report this log at:
29 error     <http://github.com/isaacs/npm/issues>
29 error or email it to:
29 error     <npm-@googlegroups.com>
30 error System Darwin 13.2.0
31 error command "/usr/local/Cellar/node/0.10.18/bin/node" "/usr/local/bin/npm" "install" "fs"
32 error cwd /Library/WebServer/Documents/busr/TransitProfiler
33 error node -v v0.10.18
34 error npm -v 1.3.8
35 error type non_object_property_load
36 verbose exit [ 1, true ]
